============================= test session starts =============================
platform win32 -- Python 3.12.5, pytest-8.4.2, pluggy-1.6.0
rootdir: D:\GIT hub\safe-medical-ai-oncology
configfile: pyproject.toml
testpaths: 08_Development/implementation/tests
plugins: anyio-4.14.2
collected 287 items

08_Development\implementation\tests\test_app.py ..                       [  0%]
08_Development\implementation\tests\test_config.py ...                   [  1%]
08_Development\implementation\tests\test_evidence_assembly.py .......... [  5%]
...................                                                      [ 11%]
08_Development\implementation\tests\test_evidence_models.py ............ [ 16%]
.......                                                                  [ 18%]
08_Development\implementation\tests\test_generation.py ................. [ 24%]
.........................                                                [ 33%]
08_Development\implementation\tests\test_generation_models.py .......... [ 36%]
....                                                                     [ 37%]
08_Development\implementation\tests\test_imports.py .....                [ 39%]
08_Development\implementation\tests\test_integration.py ................ [ 45%]
..........                                                               [ 48%]
08_Development\implementation\tests\test_integration_models.py ......... [ 51%]
.....                                                                    [ 53%]
08_Development\implementation\tests\test_retrieval_filesystem_source.py . [ 54%]
................                                                         [ 59%]
08_Development\implementation\tests\test_retrieval_models.py ........    [ 62%]
08_Development\implementation\tests\test_retrieval_service.py .......... [ 65%]
.....                                                                    [ 67%]
08_Development\implementation\tests\test_safety_enforcement.py ......... [ 70%]
.................................                                        [ 82%]
08_Development\implementation\tests\test_safety_models.py .....          [ 83%]
08_Development\implementation\tests\test_trace.py ...                    [ 85%]
08_Development\implementation\tests\test_validation.py ................. [ 90%]
................                                                         [ 96%]
08_Development\implementation\tests\test_validation_models.py .......... [100%]

============================== warnings summary ===============================
.venv\Lib\site-packages\fastapi\testclient.py:1
  D:\GIT hub\safe-medical-ai-oncology\.venv\Lib\site-packages\fastapi\testclient.py:1: StarletteDeprecationWarning: Using `httpx` with `starlette.testclient` is deprecated; install `httpx2` instead.
    from starlette.testclient import TestClient as TestClient  # noqa

-- Docs: https://docs.pytest.org/en/stable/how-to/capture-warnings.html
======================= 287 passed, 1 warning in 1.83s ========================
